Using pre-set license
Built from '2021.3/evg/staging/82bb020e-b03b1330/draft-0' branch; Version is '2021.3.16f1 (4016570cf34f) revision 4200023'; Using compiler version '192829333'; Build Type 'Release'
OS: 'Windows 10  (10.0.19045) 64bit CoreSingleLanguage' Language: 'ru' Physical Memory: 8125 MB
BatchMode: 1, IsHumanControllingUs: 0, StartBugReporterOnCrash: 0, Is64bit: 1, IsPro: 1

COMMAND LINE ARGUMENTS:
C:\Program Files\Unity\Hub\Editor\2021.3.16f1\Editor\Unity.exe
-adb2
-batchMode
-noUpm
-name
AssetImportWorker2
-projectPath
C:/Users/galpe/Documents/GitHub/NewSnowRace/SnowRace/SnowRaceGit
-logFile
Logs/AssetImportWorker2.log
-srvPort
62355
Successfully changed project path to: C:/Users/galpe/Documents/GitHub/NewSnowRace/SnowRace/SnowRaceGit
C:/Users/galpe/Documents/GitHub/NewSnowRace/SnowRace/SnowRaceGit
[UnityMemory] Configuration Parameters - Can be set up in boot.config
    "memorysetup-bucket-allocator-granularity=16"
    "memorysetup-bucket-allocator-bucket-count=8"
    "memorysetup-bucket-allocator-block-size=33554432"
    "memorysetup-bucket-allocator-block-count=8"
    "memorysetup-main-allocator-block-size=16777216"
    "memorysetup-thread-allocator-block-size=16777216"
    "memorysetup-gfx-main-allocator-block-size=16777216"
    "memorysetup-gfx-thread-allocator-block-size=16777216"
    "memorysetup-cache-allocator-block-size=4194304"
    "memorysetup-typetree-allocator-block-size=2097152"
    "memorysetup-profiler-bucket-allocator-granularity=16"
    "memorysetup-profiler-bucket-allocator-bucket-count=8"
    "memorysetup-profiler-bucket-allocator-block-size=33554432"
    "memorysetup-profiler-bucket-allocator-block-count=8"
    "memorysetup-profiler-allocator-block-size=16777216"
    "memorysetup-profiler-editor-allocator-block-size=1048576"
    "memorysetup-temp-allocator-size-main=16777216"
    "memorysetup-job-temp-allocator-block-size=2097152"
    "memorysetup-job-temp-allocator-block-size-background=1048576"
    "memorysetup-job-temp-allocator-reduction-small-platforms=262144"
    "memorysetup-temp-allocator-size-background-worker=32768"
    "memorysetup-temp-allocator-size-job-worker=262144"
    "memorysetup-temp-allocator-size-preload-manager=33554432"
    "memorysetup-temp-allocator-size-nav-mesh-worker=65536"
    "memorysetup-temp-allocator-size-audio-worker=65536"
    "memorysetup-temp-allocator-size-cloud-worker=32768"
    "memorysetup-temp-allocator-size-gi-baking-worker=262144"
    "memorysetup-temp-allocator-size-gfx=262144"
Player connection [21324] Host "[IP] 26.57.113.240 [Port] 0 [Flags] 2 [Guid] 2678022164 [EditorId] 2678022164 [Version] 1048832 [Id] WindowsEditor(7,DESKTOP-O995FUI) [Debug] 1 [PackageName] WindowsEditor [ProjectName] Editor" joined multi-casting on [225.0.0.222:54997]...

Player connection [21324] Host "[IP] 26.57.113.240 [Port] 0 [Flags] 2 [Guid] 2678022164 [EditorId] 2678022164 [Version] 1048832 [Id] WindowsEditor(7,DESKTOP-O995FUI) [Debug] 1 [PackageName] WindowsEditor [ProjectName] Editor" joined alternative multi-casting on [225.0.0.222:34997]...

Refreshing native plugins compatible for Editor in 118.21 ms, found 3 plugins.
Preloading 0 native plugins for Editor in 0.00 ms.
Initialize engine version: 2021.3.16f1 (4016570cf34f)
[Subsystems] Discovering subsystems at path C:/Program Files/Unity/Hub/Editor/2021.3.16f1/Editor/Data/Resources/UnitySubsystems
[Subsystems] Discovering subsystems at path C:/Users/galpe/Documents/GitHub/NewSnowRace/SnowRace/SnowRaceGit/Assets
GfxDevice: creating device client; threaded=0; jobified=0
Direct3D:
    Version:  Direct3D 11.0 [level 11.1]
    Renderer: NVIDIA GeForce GTX 1650 SUPER (ID=0x2187)
    Vendor:   NVIDIA
    VRAM:     3943 MB
    Driver:   31.0.15.3598
Initialize mono
Mono path[0] = 'C:/Program Files/Unity/Hub/Editor/2021.3.16f1/Editor/Data/Managed'
Mono path[1] = 'C:/Program Files/Unity/Hub/Editor/2021.3.16f1/Editor/Data/MonoBleedingEdge/lib/mono/unityjit-win32'
Mono config path = 'C:/Program Files/Unity/Hub/Editor/2021.3.16f1/Editor/Data/MonoBleedingEdge/etc'
Using monoOptions --debugger-agent=transport=dt_socket,embedding=1,server=y,suspend=n,address=127.0.0.1:56748
Begin MonoManager ReloadAssembly
Registering precompiled unity dll's ...
Register platform support module: C:/Program Files/Unity/Hub/Editor/2021.3.16f1/Editor/Data/PlaybackEngines/WebGLSupport/UnityEditor.WebGL.Extensions.dll
Register platform support module: C:/Program Files/Unity/Hub/Editor/2021.3.16f1/Editor/Data/PlaybackEngines/MacStandaloneSupport/UnityEditor.OSXStandalone.Extensions.dll
Register platform support module: C:/Program Files/Unity/Hub/Editor/2021.3.16f1/Editor/Data/PlaybackEngines/iOSSupport/UnityEditor.iOS.Extensions.dll
Register platform support module: C:/Program Files/Unity/Hub/Editor/2021.3.16f1/Editor/Data/PlaybackEngines/WindowsStandaloneSupport/UnityEditor.WindowsStandalone.Extensions.dll
Registered in 0.013244 seconds.
Native extension for WindowsStandalone target not found
[usbmuxd] Start listen thread
[usbmuxd] Listen thread started
Native extension for iOS target not found
Native extension for OSXStandalone target not found
Native extension for WebGL target not found
Refreshing native plugins compatible for Editor in 92.10 ms, found 3 plugins.
Preloading 0 native plugins for Editor in 0.00 ms.
Mono: successfully reloaded assembly
- Completed reload, in  0.720 seconds
Domain Reload Profiling:
	ReloadAssembly (720ms)
		BeginReloadAssembly (123ms)
			ExecutionOrderSort (0ms)
			DisableScriptedObjects (0ms)
			BackupInstance (0ms)
			ReleaseScriptingObjects (0ms)
			CreateAndSetChildDomain (1ms)
		EndReloadAssembly (473ms)
			LoadAssemblies (122ms)
			RebuildTransferFunctionScriptingTraits (0ms)
			SetupTypeCache (107ms)
			ReleaseScriptCaches (0ms)
			RebuildScriptCaches (28ms)
			SetupLoadedEditorAssemblies (285ms)
				LogAssemblyErrors (0ms)
				InitializePlatformSupportModulesInManaged (35ms)
				SetLoadedEditorAssemblies (0ms)
				RefreshPlugins (92ms)
				BeforeProcessingInitializeOnLoad (1ms)
				ProcessInitializeOnLoadAttributes (116ms)
				ProcessInitializeOnLoadMethodAttributes (41ms)
				AfterProcessingInitializeOnLoad (0ms)
				EditorAssembliesLoaded (0ms)
			ExecutionOrderSort2 (0ms)
			AwakeInstancesAfterBackupRestoration (0ms)
Platform modules already initialized, skipping
Registering precompiled user dll's ...
Registered in 0.020708 seconds.
Begin MonoManager ReloadAssembly
Symbol file LoadedFromMemory doesn't match image C:\Users\galpe\Documents\GitHub\NewSnowRace\SnowRace\SnowRaceGit\Library\PackageCache\com.unity.visualscripting@1.7.8\Editor\VisualScripting.Core\Dependencies\YamlDotNet\Unity.VisualScripting.YamlDotNet.dll
Symbol file LoadedFromMemory doesn't match image C:\Users\galpe\Documents\GitHub\NewSnowRace\SnowRace\SnowRaceGit\Library\PackageCache\com.unity.visualscripting@1.7.8\Editor\VisualScripting.Core\Dependencies\DotNetZip\Unity.VisualScripting.IonicZip.dll
Native extension for WindowsStandalone target not found
Native extension for iOS target not found
Native extension for OSXStandalone target not found
Native extension for WebGL target not found
Refreshing native plugins compatible for Editor in 0.87 ms, found 3 plugins.
Preloading 0 native plugins for Editor in 0.00 ms.
Mono: successfully reloaded assembly
- Completed reload, in  1.151 seconds
Domain Reload Profiling:
	ReloadAssembly (1151ms)
		BeginReloadAssembly (102ms)
			ExecutionOrderSort (0ms)
			DisableScriptedObjects (5ms)
			BackupInstance (0ms)
			ReleaseScriptingObjects (0ms)
			CreateAndSetChildDomain (18ms)
		EndReloadAssembly (943ms)
			LoadAssemblies (136ms)
			RebuildTransferFunctionScriptingTraits (0ms)
			SetupTypeCache (260ms)
			ReleaseScriptCaches (1ms)
			RebuildScriptCaches (64ms)
			SetupLoadedEditorAssemblies (451ms)
				LogAssemblyErrors (0ms)
				InitializePlatformSupportModulesInManaged (23ms)
				SetLoadedEditorAssemblies (0ms)
				RefreshPlugins (1ms)
				BeforeProcessingInitializeOnLoad (98ms)
				ProcessInitializeOnLoadAttributes (293ms)
				ProcessInitializeOnLoadMethodAttributes (25ms)
				AfterProcessingInitializeOnLoad (9ms)
				EditorAssembliesLoaded (0ms)
			ExecutionOrderSort2 (0ms)
			AwakeInstancesAfterBackupRestoration (6ms)
Platform modules already initialized, skipping
========================================================================
Worker process is ready to serve import requests
Launched and connected shader compiler UnityShaderCompiler.exe after 0.07 seconds
Refreshing native plugins compatible for Editor in 0.78 ms, found 3 plugins.
Preloading 0 native plugins for Editor in 0.00 ms.
Unloading 4480 Unused Serialized files (Serialized files now loaded: 0)
Unloading 44 unused Assets / (188.1 KB). Loaded Objects now: 4984.
Memory consumption went from 250.3 MB to 250.1 MB.
Total: 3.154400 ms (FindLiveObjects: 0.355700 ms CreateObjectMapping: 0.130600 ms MarkObjects: 2.536000 ms  DeleteObjects: 0.131300 ms)

AssetImportParameters requested are different than current active one (requested -> active):
  custom:video-decoder-ogg-theora: a1e56fd34408186e4bbccfd4996cb3dc -> 
  custom:container-muxer-webm: aa71ff27fc2769a1b78a27578f13a17b -> 
  custom:container-demuxer-webm: 4f35f7cbe854078d1ac9338744f61a02 -> 
  custom:video-encoder-webm-vp8: eb34c28f22e8b96e1ab97ce403110664 -> 
  custom:video-codec-MediaFoundation-h265: 746d11721c4dcdbdad8f713fa42b33f4 -> 
  custom:audio-encoder-webm-vorbis: bf7c407c2cedff20999df2af8eb42d56 -> 
  custom:framework-win-MediaFoundation: 216162199b28c13a410421893ffa2e32 -> 
  custom:container-demuxer-ogg: 62fdf1f143b41e24485cea50d1cbac27 -> 
  custom:video-decoder-webm-vp8: 9c59270c3fd7afecdb556c50c9e8de78 -> 
  custom:audio-decoder-ogg-vorbis: bf7c407c2cedff20999df2af8eb42d56 -> 
========================================================================
Received Import Request.
  Time since last request: 187772.244064 seconds.
  path: Assets/Prefabs/Player.prefab
  artifactKey: Guid(5e3287e28400a524194fbef61ac69443) Importer(815301076,1909f56bfc062723c751e8b465ee728b)
Start importing Assets/Prefabs/Player.prefab using Guid(5e3287e28400a524194fbef61ac69443) Importer(815301076,1909f56bfc062723c751e8b465ee728b)  -> (artifact id: 'c631b3e08b8f4cd9f815305e2fc5e9ff') in 0.766999 seconds 
========================================================================
Received Import Request.
  Time since last request: 14.119898 seconds.
  path: Assets/Sprites/9-Sliced.png
  artifactKey: Guid(71ebafeef3c03457483266a33ab2b270) Importer(815301076,1909f56bfc062723c751e8b465ee728b)
Start importing Assets/Sprites/9-Sliced.png using Guid(71ebafeef3c03457483266a33ab2b270) Importer(815301076,1909f56bfc062723c751e8b465ee728b)  -> (artifact id: 'ed8b0f7294b1f2ac8d69ca496acc0730') in 0.104221 seconds 
========================================================================
Received Import Request.
  Time since last request: 5.095575 seconds.
  path: Assets/Textures/4.png
  artifactKey: Guid(b1fcb3959d7deba4597b0fbd7f2a76c6) Importer(815301076,1909f56bfc062723c751e8b465ee728b)
Start importing Assets/Textures/4.png using Guid(b1fcb3959d7deba4597b0fbd7f2a76c6) Importer(815301076,1909f56bfc062723c751e8b465ee728b)  -> (artifact id: '09ab54870430d497c8a8be9d99e1b208') in 0.043795 seconds 
========================================================================
Received Import Request.
  Time since last request: 8.684886 seconds.
  path: Assets/Assets/Environment Pack
  artifactKey: Guid(6448cf688d8c02449b2f112d72fd9562) Importer(815301076,1909f56bfc062723c751e8b465ee728b)
Start importing Assets/Assets/Environment Pack using Guid(6448cf688d8c02449b2f112d72fd9562) Importer(815301076,1909f56bfc062723c751e8b465ee728b)  -> (artifact id: '9a93562a67a6cb36c640302943e46fd7') in 0.008819 seconds 
========================================================================
Received Import Request.
  Time since last request: 1.399159 seconds.
  path: Assets/Assets/Environment Pack/Nature Forest
  artifactKey: Guid(4481d76828ffdc9439b475d8a5cb0ea9) Importer(815301076,1909f56bfc062723c751e8b465ee728b)
Start importing Assets/Assets/Environment Pack/Nature Forest using Guid(4481d76828ffdc9439b475d8a5cb0ea9) Importer(815301076,1909f56bfc062723c751e8b465ee728b)  -> (artifact id: 'e82d0ba6291850e336c11688eccf74ed') in 0.008085 seconds 
========================================================================
Received Import Request.
  Time since last request: 1.308938 seconds.
  path: Assets/Assets/Environment Pack/Nature Forest/Textures
  artifactKey: Guid(7025c1cbea98e764d80c266e293c4377) Importer(815301076,1909f56bfc062723c751e8b465ee728b)
Start importing Assets/Assets/Environment Pack/Nature Forest/Textures using Guid(7025c1cbea98e764d80c266e293c4377) Importer(815301076,1909f56bfc062723c751e8b465ee728b)  -> (artifact id: '0b23c43bdac6e491cd8b4889e31bcbb9') in 0.012570 seconds 
========================================================================
Received Import Request.
  Time since last request: 0.041383 seconds.
  path: Assets/Assets/Environment Pack/Nature Forest/Textures/Nature-Palette.png
  artifactKey: Guid(6f949d9726a0a144bad668de68d3a516) Importer(815301076,1909f56bfc062723c751e8b465ee728b)
Start importing Assets/Assets/Environment Pack/Nature Forest/Textures/Nature-Palette.png using Guid(6f949d9726a0a144bad668de68d3a516) Importer(815301076,1909f56bfc062723c751e8b465ee728b)  -> (artifact id: '7afc381537f4c14eab995c56ef23c9a2') in 0.050910 seconds 
========================================================================
Received Import Request.
  Time since last request: 2.200840 seconds.
  path: Assets/Assets/Environment Pack/Nature Forest/Materials/Mat_Nature.mat
  artifactKey: Guid(fe5a5677a4dd7494e9d4d577920bfafb) Importer(815301076,1909f56bfc062723c751e8b465ee728b)
Start importing Assets/Assets/Environment Pack/Nature Forest/Materials/Mat_Nature.mat using Guid(fe5a5677a4dd7494e9d4d577920bfafb) Importer(815301076,1909f56bfc062723c751e8b465ee728b)  -> (artifact id: '3d81dd075af4d4d774876d382c1a8ecd') in 0.029912 seconds 
========================================================================
Received Import Request.
  Time since last request: 3.562685 seconds.
  path: Assets/Assets/Environment Pack/Candy Land/Models
  artifactKey: Guid(12661242629104c44a66bc4944590035) Importer(815301076,1909f56bfc062723c751e8b465ee728b)
Start importing Assets/Assets/Environment Pack/Candy Land/Models using Guid(12661242629104c44a66bc4944590035) Importer(815301076,1909f56bfc062723c751e8b465ee728b)  -> (artifact id: '38815c8e903b93a3de7d486b08bbe07f') in 0.008589 seconds 
========================================================================
Received Import Request.
  Time since last request: 0.057400 seconds.
  path: Assets/Assets/Environment Pack/Candy Land/Models/SwissRoll_03.fbx
  artifactKey: Guid(a4cb0769c2c163848a3741d31bd35e7c) Importer(815301076,1909f56bfc062723c751e8b465ee728b)
Start importing Assets/Assets/Environment Pack/Candy Land/Models/SwissRoll_03.fbx using Guid(a4cb0769c2c163848a3741d31bd35e7c) Importer(815301076,1909f56bfc062723c751e8b465ee728b)  -> (artifact id: '3ae4ca729c108f4ca99c45c9e6e60d1a') in 0.049432 seconds 
========================================================================
Received Import Request.
  Time since last request: 1.043080 seconds.
  path: Assets/Assets/Environment Pack/Candy Land/Materials/Mat_Candy Specular.mat
  artifactKey: Guid(d22088bd5dfaa044d9b176bc231f0ab8) Importer(815301076,1909f56bfc062723c751e8b465ee728b)
Start importing Assets/Assets/Environment Pack/Candy Land/Materials/Mat_Candy Specular.mat using Guid(d22088bd5dfaa044d9b176bc231f0ab8) Importer(815301076,1909f56bfc062723c751e8b465ee728b)  -> (artifact id: '08ea63d4345dd82c37d5c3ae1e1501e9') in 0.019157 seconds 
========================================================================
Received Prepare
Registering precompiled user dll's ...
Registered in 0.008291 seconds.
Begin MonoManager ReloadAssembly
Symbol file LoadedFromMemory doesn't match image C:\Users\galpe\Documents\GitHub\NewSnowRace\SnowRace\SnowRaceGit\Library\PackageCache\com.unity.visualscripting@1.7.8\Editor\VisualScripting.Core\Dependencies\YamlDotNet\Unity.VisualScripting.YamlDotNet.dll
Symbol file LoadedFromMemory doesn't match image C:\Users\galpe\Documents\GitHub\NewSnowRace\SnowRace\SnowRaceGit\Library\PackageCache\com.unity.visualscripting@1.7.8\Editor\VisualScripting.Core\Dependencies\DotNetZip\Unity.VisualScripting.IonicZip.dll
Native extension for WindowsStandalone target not found
Native extension for iOS target not found
Native extension for OSXStandalone target not found
Native extension for WebGL target not found
Refreshing native plugins compatible for Editor in 0.89 ms, found 3 plugins.
Preloading 0 native plugins for Editor in 0.00 ms.
Mono: successfully reloaded assembly
- Completed reload, in  1.246 seconds
Domain Reload Profiling:
	ReloadAssembly (1247ms)
		BeginReloadAssembly (294ms)
			ExecutionOrderSort (0ms)
			DisableScriptedObjects (12ms)
			BackupInstance (0ms)
			ReleaseScriptingObjects (0ms)
			CreateAndSetChildDomain (120ms)
		EndReloadAssembly (854ms)
			LoadAssemblies (108ms)
			RebuildTransferFunctionScriptingTraits (0ms)
			SetupTypeCache (282ms)
			ReleaseScriptCaches (2ms)
			RebuildScriptCaches (59ms)
			SetupLoadedEditorAssemblies (390ms)
				LogAssemblyErrors (0ms)
				InitializePlatformSupportModulesInManaged (32ms)
				SetLoadedEditorAssemblies (1ms)
				RefreshPlugins (1ms)
				BeforeProcessingInitializeOnLoad (75ms)
				ProcessInitializeOnLoadAttributes (249ms)
				ProcessInitializeOnLoadMethodAttributes (24ms)
				AfterProcessingInitializeOnLoad (9ms)
				EditorAssembliesLoaded (0ms)
			ExecutionOrderSort2 (0ms)
			AwakeInstancesAfterBackupRestoration (5ms)
Platform modules already initialized, skipping
Refreshing native plugins compatible for Editor in 2.26 ms, found 3 plugins.
Preloading 0 native plugins for Editor in 0.00 ms.
Unloading 4457 Unused Serialized files (Serialized files now loaded: 0)
Unloading 28 unused Assets / (157.0 KB). Loaded Objects now: 5054.
Memory consumption went from 266.3 MB to 266.1 MB.
Total: 4.295800 ms (FindLiveObjects: 0.370800 ms CreateObjectMapping: 0.112900 ms MarkObjects: 3.676900 ms  DeleteObjects: 0.134300 ms)

AssetImportParameters requested are different than current active one (requested -> active):
  custom:video-decoder-ogg-theora: a1e56fd34408186e4bbccfd4996cb3dc -> 
  custom:container-muxer-webm: aa71ff27fc2769a1b78a27578f13a17b -> 
  custom:container-demuxer-webm: 4f35f7cbe854078d1ac9338744f61a02 -> 
  custom:video-encoder-webm-vp8: eb34c28f22e8b96e1ab97ce403110664 -> 
  custom:video-codec-MediaFoundation-h265: 746d11721c4dcdbdad8f713fa42b33f4 -> 
  custom:audio-encoder-webm-vorbis: bf7c407c2cedff20999df2af8eb42d56 -> 
  custom:framework-win-MediaFoundation: 216162199b28c13a410421893ffa2e32 -> 
  custom:container-demuxer-ogg: 62fdf1f143b41e24485cea50d1cbac27 -> 
  custom:video-decoder-webm-vp8: 9c59270c3fd7afecdb556c50c9e8de78 -> 
  custom:audio-decoder-ogg-vorbis: bf7c407c2cedff20999df2af8eb42d56 -> 
========================================================================
Received Prepare
Registering precompiled user dll's ...
Registered in 0.007692 seconds.
Begin MonoManager ReloadAssembly
Symbol file LoadedFromMemory doesn't match image C:\Users\galpe\Documents\GitHub\NewSnowRace\SnowRace\SnowRaceGit\Library\PackageCache\com.unity.visualscripting@1.7.8\Editor\VisualScripting.Core\Dependencies\YamlDotNet\Unity.VisualScripting.YamlDotNet.dll
Symbol file LoadedFromMemory doesn't match image C:\Users\galpe\Documents\GitHub\NewSnowRace\SnowRace\SnowRaceGit\Library\PackageCache\com.unity.visualscripting@1.7.8\Editor\VisualScripting.Core\Dependencies\DotNetZip\Unity.VisualScripting.IonicZip.dll
Native extension for WindowsStandalone target not found
Native extension for iOS target not found
Native extension for OSXStandalone target not found
Native extension for WebGL target not found
Refreshing native plugins compatible for Editor in 0.93 ms, found 3 plugins.
Preloading 0 native plugins for Editor in 0.00 ms.
Mono: successfully reloaded assembly
- Completed reload, in  1.127 seconds
Domain Reload Profiling:
	ReloadAssembly (1128ms)
		BeginReloadAssembly (149ms)
			ExecutionOrderSort (0ms)
			DisableScriptedObjects (5ms)
			BackupInstance (0ms)
			ReleaseScriptingObjects (0ms)
			CreateAndSetChildDomain (43ms)
		EndReloadAssembly (845ms)
			LoadAssemblies (102ms)
			RebuildTransferFunctionScriptingTraits (0ms)
			SetupTypeCache (264ms)
			ReleaseScriptCaches (1ms)
			RebuildScriptCaches (48ms)
			SetupLoadedEditorAssemblies (406ms)
				LogAssemblyErrors (0ms)
				InitializePlatformSupportModulesInManaged (32ms)
				SetLoadedEditorAssemblies (0ms)
				RefreshPlugins (1ms)
				BeforeProcessingInitializeOnLoad (90ms)
				ProcessInitializeOnLoadAttributes (250ms)
				ProcessInitializeOnLoadMethodAttributes (22ms)
				AfterProcessingInitializeOnLoad (10ms)
				EditorAssembliesLoaded (0ms)
			ExecutionOrderSort2 (0ms)
			AwakeInstancesAfterBackupRestoration (5ms)
Platform modules already initialized, skipping
Refreshing native plugins compatible for Editor in 2.67 ms, found 3 plugins.
Preloading 0 native plugins for Editor in 0.00 ms.
Unloading 4457 Unused Serialized files (Serialized files now loaded: 0)
Unloading 25 unused Assets / (155.6 KB). Loaded Objects now: 5069.
Memory consumption went from 266.5 MB to 266.3 MB.
Total: 3.287400 ms (FindLiveObjects: 0.465400 ms CreateObjectMapping: 0.117500 ms MarkObjects: 2.564600 ms  DeleteObjects: 0.138900 ms)

AssetImportParameters requested are different than current active one (requested -> active):
  custom:video-decoder-ogg-theora: a1e56fd34408186e4bbccfd4996cb3dc -> 
  custom:container-muxer-webm: aa71ff27fc2769a1b78a27578f13a17b -> 
  custom:container-demuxer-webm: 4f35f7cbe854078d1ac9338744f61a02 -> 
  custom:video-encoder-webm-vp8: eb34c28f22e8b96e1ab97ce403110664 -> 
  custom:video-codec-MediaFoundation-h265: 746d11721c4dcdbdad8f713fa42b33f4 -> 
  custom:audio-encoder-webm-vorbis: bf7c407c2cedff20999df2af8eb42d56 -> 
  custom:framework-win-MediaFoundation: 216162199b28c13a410421893ffa2e32 -> 
  custom:container-demuxer-ogg: 62fdf1f143b41e24485cea50d1cbac27 -> 
  custom:video-decoder-webm-vp8: 9c59270c3fd7afecdb556c50c9e8de78 -> 
  custom:audio-decoder-ogg-vorbis: bf7c407c2cedff20999df2af8eb42d56 -> 
========================================================================
Received Prepare
Registering precompiled user dll's ...
Registered in 0.008123 seconds.
Begin MonoManager ReloadAssembly
Symbol file LoadedFromMemory doesn't match image C:\Users\galpe\Documents\GitHub\NewSnowRace\SnowRace\SnowRaceGit\Library\PackageCache\com.unity.visualscripting@1.7.8\Editor\VisualScripting.Core\Dependencies\YamlDotNet\Unity.VisualScripting.YamlDotNet.dll
Symbol file LoadedFromMemory doesn't match image C:\Users\galpe\Documents\GitHub\NewSnowRace\SnowRace\SnowRaceGit\Library\PackageCache\com.unity.visualscripting@1.7.8\Editor\VisualScripting.Core\Dependencies\DotNetZip\Unity.VisualScripting.IonicZip.dll
Native extension for WindowsStandalone target not found
Native extension for iOS target not found
Native extension for OSXStandalone target not found
Native extension for WebGL target not found
Refreshing native plugins compatible for Editor in 0.84 ms, found 3 plugins.
Preloading 0 native plugins for Editor in 0.00 ms.
Mono: successfully reloaded assembly
- Completed reload, in  1.158 seconds
Domain Reload Profiling:
	ReloadAssembly (1158ms)
		BeginReloadAssembly (215ms)
			ExecutionOrderSort (0ms)
			DisableScriptedObjects (5ms)
			BackupInstance (0ms)
			ReleaseScriptingObjects (0ms)
			CreateAndSetChildDomain (74ms)
		EndReloadAssembly (835ms)
			LoadAssemblies (133ms)
			RebuildTransferFunctionScriptingTraits (0ms)
			SetupTypeCache (263ms)
			ReleaseScriptCaches (1ms)
			RebuildScriptCaches (62ms)
			SetupLoadedEditorAssemblies (383ms)
				LogAssemblyErrors (0ms)
				InitializePlatformSupportModulesInManaged (29ms)
				SetLoadedEditorAssemblies (0ms)
				RefreshPlugins (1ms)
				BeforeProcessingInitializeOnLoad (77ms)
				ProcessInitializeOnLoadAttributes (246ms)
				ProcessInitializeOnLoadMethodAttributes (20ms)
				AfterProcessingInitializeOnLoad (9ms)
				EditorAssembliesLoaded (0ms)
			ExecutionOrderSort2 (0ms)
			AwakeInstancesAfterBackupRestoration (5ms)
Platform modules already initialized, skipping
Refreshing native plugins compatible for Editor in 2.52 ms, found 3 plugins.
Preloading 0 native plugins for Editor in 0.00 ms.
Unloading 4457 Unused Serialized files (Serialized files now loaded: 0)
Unloading 25 unused Assets / (155.6 KB). Loaded Objects now: 5084.
Memory consumption went from 266.5 MB to 266.4 MB.
Total: 3.289700 ms (FindLiveObjects: 0.359400 ms CreateObjectMapping: 0.112200 ms MarkObjects: 2.675000 ms  DeleteObjects: 0.142200 ms)

AssetImportParameters requested are different than current active one (requested -> active):
  custom:video-decoder-ogg-theora: a1e56fd34408186e4bbccfd4996cb3dc -> 
  custom:container-muxer-webm: aa71ff27fc2769a1b78a27578f13a17b -> 
  custom:container-demuxer-webm: 4f35f7cbe854078d1ac9338744f61a02 -> 
  custom:video-encoder-webm-vp8: eb34c28f22e8b96e1ab97ce403110664 -> 
  custom:video-codec-MediaFoundation-h265: 746d11721c4dcdbdad8f713fa42b33f4 -> 
  custom:audio-encoder-webm-vorbis: bf7c407c2cedff20999df2af8eb42d56 -> 
  custom:framework-win-MediaFoundation: 216162199b28c13a410421893ffa2e32 -> 
  custom:container-demuxer-ogg: 62fdf1f143b41e24485cea50d1cbac27 -> 
  custom:video-decoder-webm-vp8: 9c59270c3fd7afecdb556c50c9e8de78 -> 
  custom:audio-decoder-ogg-vorbis: bf7c407c2cedff20999df2af8eb42d56 -> 
========================================================================
Received Import Request.
  Time since last request: 496.049400 seconds.
  path: Assets/MPUIKit/Editor/Images/background.png
  artifactKey: Guid(fc2679c53c135d6439749bc914f017c7) Importer(815301076,1909f56bfc062723c751e8b465ee728b)
Start importing Assets/MPUIKit/Editor/Images/background.png using Guid(fc2679c53c135d6439749bc914f017c7) Importer(815301076,1909f56bfc062723c751e8b465ee728b)  -> (artifact id: '3c1bdd51e1fb67c4b6ad2c612788c80a') in 0.184658 seconds 
========================================================================
Received Import Request.
  Time since last request: 0.000028 seconds.
  path: Assets/MPUIKit/Editor/Images/flip_v_0.png
  artifactKey: Guid(433dc7f6ca55dda4aaed66f61ded97e0) Importer(815301076,1909f56bfc062723c751e8b465ee728b)
Start importing Assets/MPUIKit/Editor/Images/flip_v_0.png using Guid(433dc7f6ca55dda4aaed66f61ded97e0) Importer(815301076,1909f56bfc062723c751e8b465ee728b)  -> (artifact id: 'ee59819f86df85cda2651e5eb404f8bc') in 0.035654 seconds 
========================================================================
Received Import Request.
  Time since last request: 0.000036 seconds.
  path: Assets/MPUIKit/Editor/Images/rotate_left_2.png
  artifactKey: Guid(0d26fbf225e256240bb774a29d43c174) Importer(815301076,1909f56bfc062723c751e8b465ee728b)
Start importing Assets/MPUIKit/Editor/Images/rotate_left_2.png using Guid(0d26fbf225e256240bb774a29d43c174) Importer(815301076,1909f56bfc062723c751e8b465ee728b)  -> (artifact id: '425aa3585c80efb62d299e4e21845438') in 0.053439 seconds 
========================================================================
Received Import Request.
  Time since last request: 0.000038 seconds.
  path: Assets/MPUIKit/Editor/Images/title.png
  artifactKey: Guid(a2dcf70d1c4d4c4428dfb453aadfc4dc) Importer(815301076,1909f56bfc062723c751e8b465ee728b)
Start importing Assets/MPUIKit/Editor/Images/title.png using Guid(a2dcf70d1c4d4c4428dfb453aadfc4dc) Importer(815301076,1909f56bfc062723c751e8b465ee728b)  -> (artifact id: 'ca3b61325da87d67d9d879640b41de95') in 0.020032 seconds 
========================================================================
Received Import Request.
  Time since last request: 0.000020 seconds.
  path: Assets/MPUIKit/Editor/Images/rotate_right_0.png
  artifactKey: Guid(5b159abd08591a44da0189ddd60f268c) Importer(815301076,1909f56bfc062723c751e8b465ee728b)
Start importing Assets/MPUIKit/Editor/Images/rotate_right_0.png using Guid(5b159abd08591a44da0189ddd60f268c) Importer(815301076,1909f56bfc062723c751e8b465ee728b)  -> (artifact id: 'a242c0d82b15f3f1533687dbc9f43ace') in 0.017295 seconds 
========================================================================
Received Import Request.
  Time since last request: 0.000028 seconds.
  path: Assets/MPUIKit/Editor/Images/flip_h_2.png
  artifactKey: Guid(f5ba0cbf55aa907498bc5d9ff5e444fe) Importer(815301076,1909f56bfc062723c751e8b465ee728b)
Start importing Assets/MPUIKit/Editor/Images/flip_h_2.png using Guid(f5ba0cbf55aa907498bc5d9ff5e444fe) Importer(815301076,1909f56bfc062723c751e8b465ee728b)  -> (artifact id: '42b96fdffba5456534b5d56e7824bf26') in 0.017153 seconds 
========================================================================
Received Import Request.
  Time since last request: 0.000021 seconds.
  path: Assets/MPUIKit/Editor/Images/rotate_left_1.png
  artifactKey: Guid(b8059e7446805dd40b70642e58f171db) Importer(815301076,1909f56bfc062723c751e8b465ee728b)
Start importing Assets/MPUIKit/Editor/Images/rotate_left_1.png using Guid(b8059e7446805dd40b70642e58f171db) Importer(815301076,1909f56bfc062723c751e8b465ee728b)  -> (artifact id: '77ec731fcc118cfecac2920648768eff') in 0.017569 seconds 
========================================================================
Received Import Request.
  Time since last request: 0.000021 seconds.
  path: Assets/MPUIKit/Editor/Images/rotate_right_1.png
  artifactKey: Guid(8c982da53e6cb914388752101293948a) Importer(815301076,1909f56bfc062723c751e8b465ee728b)
Start importing Assets/MPUIKit/Editor/Images/rotate_right_1.png using Guid(8c982da53e6cb914388752101293948a) Importer(815301076,1909f56bfc062723c751e8b465ee728b)  -> (artifact id: '8917530aec11726fc21ce403379ba7ca') in 0.017118 seconds 
========================================================================
Received Import Request.
  Time since last request: 0.000016 seconds.
  path: Assets/MPUIKit/Editor/Images/rotate_right_3.png
  artifactKey: Guid(68519222aeac862479f7ef5cc8c995cd) Importer(815301076,1909f56bfc062723c751e8b465ee728b)
Start importing Assets/MPUIKit/Editor/Images/rotate_right_3.png using Guid(68519222aeac862479f7ef5cc8c995cd) Importer(815301076,1909f56bfc062723c751e8b465ee728b)  -> (artifact id: 'f3eba1429a288800dcda3cf68720a380') in 0.017988 seconds 
========================================================================
Received Import Request.
  Time since last request: 0.000028 seconds.
  path: Assets/MPUIKit/Editor/Images/flip_v_1.png
  artifactKey: Guid(55d0889b3d34fd643bddd75020104564) Importer(815301076,1909f56bfc062723c751e8b465ee728b)
Start importing Assets/MPUIKit/Editor/Images/flip_v_1.png using Guid(55d0889b3d34fd643bddd75020104564) Importer(815301076,1909f56bfc062723c751e8b465ee728b)  -> (artifact id: 'd8bd1f285a64027fe8da0c61dbb462ce') in 0.017133 seconds 
========================================================================
Received Prepare
Registering precompiled user dll's ...
Registered in 0.008201 seconds.
Begin MonoManager ReloadAssembly
Symbol file LoadedFromMemory doesn't match image C:\Users\galpe\Documents\GitHub\NewSnowRace\SnowRace\SnowRaceGit\Library\PackageCache\com.unity.visualscripting@1.7.8\Editor\VisualScripting.Core\Dependencies\YamlDotNet\Unity.VisualScripting.YamlDotNet.dll
Symbol file LoadedFromMemory doesn't match image C:\Users\galpe\Documents\GitHub\NewSnowRace\SnowRace\SnowRaceGit\Library\PackageCache\com.unity.visualscripting@1.7.8\Editor\VisualScripting.Core\Dependencies\DotNetZip\Unity.VisualScripting.IonicZip.dll
Native extension for WindowsStandalone target not found
Native extension for iOS target not found
Native extension for OSXStandalone target not found
Native extension for WebGL target not found
Refreshing native plugins compatible for Editor in 1.24 ms, found 3 plugins.
Preloading 0 native plugins for Editor in 0.00 ms.
Mono: successfully reloaded assembly
- Completed reload, in  1.158 seconds
Domain Reload Profiling:
	ReloadAssembly (1159ms)
		BeginReloadAssembly (149ms)
			ExecutionOrderSort (0ms)
			DisableScriptedObjects (4ms)
			BackupInstance (0ms)
			ReleaseScriptingObjects (0ms)
			CreateAndSetChildDomain (44ms)
		EndReloadAssembly (912ms)
			LoadAssemblies (97ms)
			RebuildTransferFunctionScriptingTraits (0ms)
			SetupTypeCache (332ms)
			ReleaseScriptCaches (1ms)
			RebuildScriptCaches (47ms)
			SetupLoadedEditorAssemblies (407ms)
				LogAssemblyErrors (0ms)
				InitializePlatformSupportModulesInManaged (38ms)
				SetLoadedEditorAssemblies (0ms)
				RefreshPlugins (1ms)
				BeforeProcessingInitializeOnLoad (75ms)
				ProcessInitializeOnLoadAttributes (253ms)
				ProcessInitializeOnLoadMethodAttributes (29ms)
				AfterProcessingInitializeOnLoad (9ms)
				EditorAssembliesLoaded (0ms)
			ExecutionOrderSort2 (0ms)
			AwakeInstancesAfterBackupRestoration (5ms)
Platform modules already initialized, skipping
Refreshing native plugins compatible for Editor in 2.34 ms, found 3 plugins.
Preloading 0 native plugins for Editor in 0.00 ms.
Unloading 4457 Unused Serialized files (Serialized files now loaded: 0)
Unloading 25 unused Assets / (155.6 KB). Loaded Objects now: 5103.
Memory consumption went from 266.5 MB to 266.4 MB.
Total: 128.084700 ms (FindLiveObjects: 0.476900 ms CreateObjectMapping: 0.155600 ms MarkObjects: 127.208800 ms  DeleteObjects: 0.241100 ms)

AssetImportParameters requested are different than current active one (requested -> active):
  custom:video-decoder-ogg-theora: a1e56fd34408186e4bbccfd4996cb3dc -> 
  custom:container-muxer-webm: aa71ff27fc2769a1b78a27578f13a17b -> 
  custom:container-demuxer-webm: 4f35f7cbe854078d1ac9338744f61a02 -> 
  custom:video-encoder-webm-vp8: eb34c28f22e8b96e1ab97ce403110664 -> 
  custom:video-codec-MediaFoundation-h265: 746d11721c4dcdbdad8f713fa42b33f4 -> 
  custom:audio-encoder-webm-vorbis: bf7c407c2cedff20999df2af8eb42d56 -> 
  custom:framework-win-MediaFoundation: 216162199b28c13a410421893ffa2e32 -> 
  custom:container-demuxer-ogg: 62fdf1f143b41e24485cea50d1cbac27 -> 
  custom:video-decoder-webm-vp8: 9c59270c3fd7afecdb556c50c9e8de78 -> 
  custom:audio-decoder-ogg-vorbis: bf7c407c2cedff20999df2af8eb42d56 -> 
Editor requested this worker to shutdown with reason: Scaling down because of idle timeout
AssetImportWorker is now disconnected from the server
Process exiting
Exiting without the bug reporter. Application will terminate with return code 0