Using pre-set license
Built from '2021.3/evg/staging/82bb020e-b03b1330/draft-0' branch; Version is '2021.3.16f1 (4016570cf34f) revision 4200023'; Using compiler version '192829333'; Build Type 'Release'
OS: 'Windows 10  (10.0.19045) 64bit CoreSingleLanguage' Language: 'ru' Physical Memory: 8125 MB
BatchMode: 1, IsHumanControllingUs: 0, StartBugReporterOnCrash: 0, Is64bit: 1, IsPro: 1

COMMAND LINE ARGUMENTS:
C:\Program Files\Unity\Hub\Editor\2021.3.16f1\Editor\Unity.exe
-adb2
-batchMode
-noUpm
-name
AssetImportWorker2
-projectPath
C:/Users/galpe/Documents/GitHub/NewSnowRace/SnowRace/SnowRaceGit
-logFile
Logs/AssetImportWorker2.log
-srvPort
54741
Successfully changed project path to: C:/Users/galpe/Documents/GitHub/NewSnowRace/SnowRace/SnowRaceGit
C:/Users/galpe/Documents/GitHub/NewSnowRace/SnowRace/SnowRaceGit
[UnityMemory] Configuration Parameters - Can be set up in boot.config
    "memorysetup-bucket-allocator-granularity=16"
    "memorysetup-bucket-allocator-bucket-count=8"
    "memorysetup-bucket-allocator-block-size=33554432"
    "memorysetup-bucket-allocator-block-count=8"
    "memorysetup-main-allocator-block-size=16777216"
    "memorysetup-thread-allocator-block-size=16777216"
    "memorysetup-gfx-main-allocator-block-size=16777216"
    "memorysetup-gfx-thread-allocator-block-size=16777216"
    "memorysetup-cache-allocator-block-size=4194304"
    "memorysetup-typetree-allocator-block-size=2097152"
    "memorysetup-profiler-bucket-allocator-granularity=16"
    "memorysetup-profiler-bucket-allocator-bucket-count=8"
    "memorysetup-profiler-bucket-allocator-block-size=33554432"
    "memorysetup-profiler-bucket-allocator-block-count=8"
    "memorysetup-profiler-allocator-block-size=16777216"
    "memorysetup-profiler-editor-allocator-block-size=1048576"
    "memorysetup-temp-allocator-size-main=16777216"
    "memorysetup-job-temp-allocator-block-size=2097152"
    "memorysetup-job-temp-allocator-block-size-background=1048576"
    "memorysetup-job-temp-allocator-reduction-small-platforms=262144"
    "memorysetup-temp-allocator-size-background-worker=32768"
    "memorysetup-temp-allocator-size-job-worker=262144"
    "memorysetup-temp-allocator-size-preload-manager=33554432"
    "memorysetup-temp-allocator-size-nav-mesh-worker=65536"
    "memorysetup-temp-allocator-size-audio-worker=65536"
    "memorysetup-temp-allocator-size-cloud-worker=32768"
    "memorysetup-temp-allocator-size-gi-baking-worker=262144"
    "memorysetup-temp-allocator-size-gfx=262144"
Player connection [27152] Host "[IP] 26.57.113.240 [Port] 0 [Flags] 2 [Guid] 609262287 [EditorId] 609262287 [Version] 1048832 [Id] WindowsEditor(7,DESKTOP-O995FUI) [Debug] 1 [PackageName] WindowsEditor [ProjectName] Editor" joined multi-casting on [225.0.0.222:54997]...

Player connection [27152] Host "[IP] 26.57.113.240 [Port] 0 [Flags] 2 [Guid] 609262287 [EditorId] 609262287 [Version] 1048832 [Id] WindowsEditor(7,DESKTOP-O995FUI) [Debug] 1 [PackageName] WindowsEditor [ProjectName] Editor" joined alternative multi-casting on [225.0.0.222:34997]...

Refreshing native plugins compatible for Editor in 110.70 ms, found 3 plugins.
Preloading 0 native plugins for Editor in 0.00 ms.
Initialize engine version: 2021.3.16f1 (4016570cf34f)
[Subsystems] Discovering subsystems at path C:/Program Files/Unity/Hub/Editor/2021.3.16f1/Editor/Data/Resources/UnitySubsystems
[Subsystems] Discovering subsystems at path C:/Users/galpe/Documents/GitHub/NewSnowRace/SnowRace/SnowRaceGit/Assets
GfxDevice: creating device client; threaded=0; jobified=0
Direct3D:
    Version:  Direct3D 11.0 [level 11.1]
    Renderer: NVIDIA GeForce GTX 1650 SUPER (ID=0x2187)
    Vendor:   NVIDIA
    VRAM:     3943 MB
    Driver:   31.0.15.3598
Initialize mono
Mono path[0] = 'C:/Program Files/Unity/Hub/Editor/2021.3.16f1/Editor/Data/Managed'
Mono path[1] = 'C:/Program Files/Unity/Hub/Editor/2021.3.16f1/Editor/Data/MonoBleedingEdge/lib/mono/unityjit-win32'
Mono config path = 'C:/Program Files/Unity/Hub/Editor/2021.3.16f1/Editor/Data/MonoBleedingEdge/etc'
Using monoOptions --debugger-agent=transport=dt_socket,embedding=1,server=y,suspend=n,address=127.0.0.1:56020
Begin MonoManager ReloadAssembly
Registering precompiled unity dll's ...
Register platform support module: C:/Program Files/Unity/Hub/Editor/2021.3.16f1/Editor/Data/PlaybackEngines/WebGLSupport/UnityEditor.WebGL.Extensions.dll
Register platform support module: C:/Program Files/Unity/Hub/Editor/2021.3.16f1/Editor/Data/PlaybackEngines/MacStandaloneSupport/UnityEditor.OSXStandalone.Extensions.dll
Register platform support module: C:/Program Files/Unity/Hub/Editor/2021.3.16f1/Editor/Data/PlaybackEngines/iOSSupport/UnityEditor.iOS.Extensions.dll
Register platform support module: C:/Program Files/Unity/Hub/Editor/2021.3.16f1/Editor/Data/PlaybackEngines/WindowsStandaloneSupport/UnityEditor.WindowsStandalone.Extensions.dll
Registered in 0.013123 seconds.
Native extension for WindowsStandalone target not found
[usbmuxd] Start listen thread
[usbmuxd] Listen thread started
Native extension for iOS target not found
Native extension for OSXStandalone target not found
Native extension for WebGL target not found
Refreshing native plugins compatible for Editor in 99.38 ms, found 3 plugins.
Preloading 0 native plugins for Editor in 0.00 ms.
Mono: successfully reloaded assembly
- Completed reload, in  0.690 seconds
Domain Reload Profiling:
	ReloadAssembly (690ms)
		BeginReloadAssembly (119ms)
			ExecutionOrderSort (0ms)
			DisableScriptedObjects (0ms)
			BackupInstance (0ms)
			ReleaseScriptingObjects (0ms)
			CreateAndSetChildDomain (1ms)
		EndReloadAssembly (462ms)
			LoadAssemblies (118ms)
			RebuildTransferFunctionScriptingTraits (0ms)
			SetupTypeCache (96ms)
			ReleaseScriptCaches (0ms)
			RebuildScriptCaches (27ms)
			SetupLoadedEditorAssemblies (291ms)
				LogAssemblyErrors (0ms)
				InitializePlatformSupportModulesInManaged (32ms)
				SetLoadedEditorAssemblies (0ms)
				RefreshPlugins (99ms)
				BeforeProcessingInitializeOnLoad (2ms)
				ProcessInitializeOnLoadAttributes (114ms)
				ProcessInitializeOnLoadMethodAttributes (44ms)
				AfterProcessingInitializeOnLoad (0ms)
				EditorAssembliesLoaded (0ms)
			ExecutionOrderSort2 (0ms)
			AwakeInstancesAfterBackupRestoration (0ms)
Platform modules already initialized, skipping
Registering precompiled user dll's ...
Registered in 0.022246 seconds.
Begin MonoManager ReloadAssembly
Symbol file LoadedFromMemory doesn't match image C:\Users\galpe\Documents\GitHub\NewSnowRace\SnowRace\SnowRaceGit\Library\PackageCache\com.unity.visualscripting@1.7.8\Editor\VisualScripting.Core\Dependencies\YamlDotNet\Unity.VisualScripting.YamlDotNet.dll
Symbol file LoadedFromMemory doesn't match image C:\Users\galpe\Documents\GitHub\NewSnowRace\SnowRace\SnowRaceGit\Library\PackageCache\com.unity.visualscripting@1.7.8\Editor\VisualScripting.Core\Dependencies\DotNetZip\Unity.VisualScripting.IonicZip.dll
Native extension for WindowsStandalone target not found
Native extension for iOS target not found
Native extension for OSXStandalone target not found
Native extension for WebGL target not found
Refreshing native plugins compatible for Editor in 0.99 ms, found 3 plugins.
Preloading 0 native plugins for Editor in 0.00 ms.
Mono: successfully reloaded assembly
- Completed reload, in  1.350 seconds
Domain Reload Profiling:
	ReloadAssembly (1352ms)
		BeginReloadAssembly (109ms)
			ExecutionOrderSort (0ms)
			DisableScriptedObjects (6ms)
			BackupInstance (0ms)
			ReleaseScriptingObjects (0ms)
			CreateAndSetChildDomain (19ms)
		EndReloadAssembly (1133ms)
			LoadAssemblies (144ms)
			RebuildTransferFunctionScriptingTraits (0ms)
			SetupTypeCache (390ms)
			ReleaseScriptCaches (1ms)
			RebuildScriptCaches (81ms)
			SetupLoadedEditorAssemblies (478ms)
				LogAssemblyErrors (0ms)
				InitializePlatformSupportModulesInManaged (27ms)
				SetLoadedEditorAssemblies (0ms)
				RefreshPlugins (1ms)
				BeforeProcessingInitializeOnLoad (101ms)
				ProcessInitializeOnLoadAttributes (310ms)
				ProcessInitializeOnLoadMethodAttributes (27ms)
				AfterProcessingInitializeOnLoad (11ms)
				EditorAssembliesLoaded (0ms)
			ExecutionOrderSort2 (0ms)
			AwakeInstancesAfterBackupRestoration (6ms)
Platform modules already initialized, skipping
========================================================================
Worker process is ready to serve import requests
Launched and connected shader compiler UnityShaderCompiler.exe after 0.06 seconds
Refreshing native plugins compatible for Editor in 4.30 ms, found 3 plugins.
Preloading 0 native plugins for Editor in 0.00 ms.
Unloading 4480 Unused Serialized files (Serialized files now loaded: 0)
Unloading 44 unused Assets / (188.1 KB). Loaded Objects now: 4984.
Memory consumption went from 250.3 MB to 250.1 MB.
Total: 5.958600 ms (FindLiveObjects: 0.748500 ms CreateObjectMapping: 0.193600 ms MarkObjects: 4.291400 ms  DeleteObjects: 0.721200 ms)

AssetImportParameters requested are different than current active one (requested -> active):
  custom:video-decoder-ogg-theora: a1e56fd34408186e4bbccfd4996cb3dc -> 
  custom:container-muxer-webm: aa71ff27fc2769a1b78a27578f13a17b -> 
  custom:container-demuxer-webm: 4f35f7cbe854078d1ac9338744f61a02 -> 
  custom:video-encoder-webm-vp8: eb34c28f22e8b96e1ab97ce403110664 -> 
  custom:video-codec-MediaFoundation-h265: 746d11721c4dcdbdad8f713fa42b33f4 -> 
  custom:audio-encoder-webm-vorbis: bf7c407c2cedff20999df2af8eb42d56 -> 
  custom:framework-win-MediaFoundation: 216162199b28c13a410421893ffa2e32 -> 
  custom:container-demuxer-ogg: 62fdf1f143b41e24485cea50d1cbac27 -> 
  custom:video-decoder-webm-vp8: 9c59270c3fd7afecdb556c50c9e8de78 -> 
  custom:audio-decoder-ogg-vorbis: bf7c407c2cedff20999df2af8eb42d56 -> 
========================================================================
Received Import Request.
  Time since last request: 166332.839272 seconds.
  path: Assets/Prefabs/Skins/0Santaskeletal.prefab
  artifactKey: Guid(949dbf443ffe25f45b7e02a27dd76183) Importer(815301076,1909f56bfc062723c751e8b465ee728b)
Start importing Assets/Prefabs/Skins/0Santaskeletal.prefab using Guid(949dbf443ffe25f45b7e02a27dd76183) Importer(815301076,1909f56bfc062723c751e8b465ee728b)  -> (artifact id: 'e62fb72628b20f455a2b03f9e337108f') in 1.147446 seconds 
========================================================================
Received Prepare
Registering precompiled user dll's ...
Registered in 0.008446 seconds.
Begin MonoManager ReloadAssembly
Symbol file LoadedFromMemory doesn't match image C:\Users\galpe\Documents\GitHub\NewSnowRace\SnowRace\SnowRaceGit\Library\PackageCache\com.unity.visualscripting@1.7.8\Editor\VisualScripting.Core\Dependencies\YamlDotNet\Unity.VisualScripting.YamlDotNet.dll
Symbol file LoadedFromMemory doesn't match image C:\Users\galpe\Documents\GitHub\NewSnowRace\SnowRace\SnowRaceGit\Library\PackageCache\com.unity.visualscripting@1.7.8\Editor\VisualScripting.Core\Dependencies\DotNetZip\Unity.VisualScripting.IonicZip.dll
Native extension for WindowsStandalone target not found
Native extension for iOS target not found
Native extension for OSXStandalone target not found
Native extension for WebGL target not found
Refreshing native plugins compatible for Editor in 1.24 ms, found 3 plugins.
Preloading 0 native plugins for Editor in 0.00 ms.
Mono: successfully reloaded assembly
- Completed reload, in  2.206 seconds
Domain Reload Profiling:
	ReloadAssembly (2209ms)
		BeginReloadAssembly (956ms)
			ExecutionOrderSort (0ms)
			DisableScriptedObjects (41ms)
			BackupInstance (0ms)
			ReleaseScriptingObjects (0ms)
			CreateAndSetChildDomain (638ms)
		EndReloadAssembly (1117ms)
			LoadAssemblies (129ms)
			RebuildTransferFunctionScriptingTraits (1ms)
			SetupTypeCache (363ms)
			ReleaseScriptCaches (2ms)
			RebuildScriptCaches (65ms)
			SetupLoadedEditorAssemblies (522ms)
				LogAssemblyErrors (0ms)
				InitializePlatformSupportModulesInManaged (39ms)
				SetLoadedEditorAssemblies (2ms)
				RefreshPlugins (1ms)
				BeforeProcessingInitializeOnLoad (98ms)
				ProcessInitializeOnLoadAttributes (332ms)
				ProcessInitializeOnLoadMethodAttributes (36ms)
				AfterProcessingInitializeOnLoad (13ms)
				EditorAssembliesLoaded (0ms)
			ExecutionOrderSort2 (0ms)
			AwakeInstancesAfterBackupRestoration (5ms)
Platform modules already initialized, skipping
Refreshing native plugins compatible for Editor in 6.23 ms, found 3 plugins.
Preloading 0 native plugins for Editor in 0.00 ms.
Unloading 4457 Unused Serialized files (Serialized files now loaded: 0)
Unloading 25 unused Assets / (156.4 KB). Loaded Objects now: 5008.
Memory consumption went from 265.5 MB to 265.3 MB.
Total: 7.525300 ms (FindLiveObjects: 0.491000 ms CreateObjectMapping: 0.133400 ms MarkObjects: 6.212200 ms  DeleteObjects: 0.686100 ms)

AssetImportParameters requested are different than current active one (requested -> active):
  custom:video-decoder-ogg-theora: a1e56fd34408186e4bbccfd4996cb3dc -> 
  custom:container-muxer-webm: aa71ff27fc2769a1b78a27578f13a17b -> 
  custom:container-demuxer-webm: 4f35f7cbe854078d1ac9338744f61a02 -> 
  custom:video-encoder-webm-vp8: eb34c28f22e8b96e1ab97ce403110664 -> 
  custom:video-codec-MediaFoundation-h265: 746d11721c4dcdbdad8f713fa42b33f4 -> 
  custom:audio-encoder-webm-vorbis: bf7c407c2cedff20999df2af8eb42d56 -> 
  custom:framework-win-MediaFoundation: 216162199b28c13a410421893ffa2e32 -> 
  custom:container-demuxer-ogg: 62fdf1f143b41e24485cea50d1cbac27 -> 
  custom:video-decoder-webm-vp8: 9c59270c3fd7afecdb556c50c9e8de78 -> 
  custom:audio-decoder-ogg-vorbis: bf7c407c2cedff20999df2af8eb42d56 -> 
========================================================================
Received Import Request.
  Time since last request: 265.167869 seconds.
  path: Assets/Models/ReskinModels
  artifactKey: Guid(748425e242cfa3a408dc51cb98329943) Importer(815301076,1909f56bfc062723c751e8b465ee728b)
Start importing Assets/Models/ReskinModels using Guid(748425e242cfa3a408dc51cb98329943) Importer(815301076,1909f56bfc062723c751e8b465ee728b)  -> (artifact id: '2262b0500f9eab6c6758aa69a0ec1898') in 0.020046 seconds 
========================================================================
Received Import Request.
  Time since last request: 38.204394 seconds.
  path: Assets/Models/ReskinModels/source/Fu XuanV1.fbx
  artifactKey: Guid(0bba45475780fa0489bf7e77e716414c) Importer(815301076,1909f56bfc062723c751e8b465ee728b)
Start importing Assets/Models/ReskinModels/source/Fu XuanV1.fbx using Guid(0bba45475780fa0489bf7e77e716414c) Importer(815301076,1909f56bfc062723c751e8b465ee728b)  -> (artifact id: '46bbe613d23c4676364785b345132dd6') in 1.469184 seconds 
========================================================================
Received Import Request.
  Time since last request: 1581.069743 seconds.
  path: Assets/ChristmasPropsPack/Models
  artifactKey: Guid(7e08ed3a10e80744a82a28eb9d0e6fe5) Importer(815301076,1909f56bfc062723c751e8b465ee728b)
Start importing Assets/ChristmasPropsPack/Models using Guid(7e08ed3a10e80744a82a28eb9d0e6fe5) Importer(815301076,1909f56bfc062723c751e8b465ee728b)  -> (artifact id: 'ba8f6dd01d1caddef3e3568ec6f27b34') in 0.010189 seconds 
========================================================================
Received Import Request.
  Time since last request: 0.052778 seconds.
  path: Assets/ChristmasPropsPack/Models/PresentBox_SquareMedium_01.fbx
  artifactKey: Guid(3dd21f7b608275a489dcd68a5d5ed8ac) Importer(815301076,1909f56bfc062723c751e8b465ee728b)
Start importing Assets/ChristmasPropsPack/Models/PresentBox_SquareMedium_01.fbx using Guid(3dd21f7b608275a489dcd68a5d5ed8ac) Importer(815301076,1909f56bfc062723c751e8b465ee728b)  -> (artifact id: '5a901421a92c4276efbc88b1461dd331') in 0.297136 seconds 
========================================================================
Received Import Request.
  Time since last request: 0.000035 seconds.
  path: Assets/ChristmasPropsPack/Models/PresentBox_SquareTall_01.fbx
  artifactKey: Guid(16ae4efc08d28bd4f8c90314193d62fb) Importer(815301076,1909f56bfc062723c751e8b465ee728b)
Start importing Assets/ChristmasPropsPack/Models/PresentBox_SquareTall_01.fbx using Guid(16ae4efc08d28bd4f8c90314193d62fb) Importer(815301076,1909f56bfc062723c751e8b465ee728b)  -> (artifact id: 'f0fef9a397d6e839a3e493b1f39666f2') in 0.038434 seconds 
========================================================================
Received Import Request.
  Time since last request: 0.000039 seconds.
  path: Assets/ChristmasPropsPack/Models/Snowman_01_Small.fbx
  artifactKey: Guid(657b3e0125aedb840955f3b21c2848e6) Importer(815301076,1909f56bfc062723c751e8b465ee728b)
Start importing Assets/ChristmasPropsPack/Models/Snowman_01_Small.fbx using Guid(657b3e0125aedb840955f3b21c2848e6) Importer(815301076,1909f56bfc062723c751e8b465ee728b)  -> (artifact id: 'a36b7faf108466a6793dcb2d74a4c9c4') in 0.031825 seconds 
========================================================================
Received Import Request.
  Time since last request: 0.000028 seconds.
  path: Assets/ChristmasPropsPack/Models/Wreath_01.fbx
  artifactKey: Guid(fc10d88c939dd3b449a9662ed4cc0d43) Importer(815301076,1909f56bfc062723c751e8b465ee728b)
Start importing Assets/ChristmasPropsPack/Models/Wreath_01.fbx using Guid(fc10d88c939dd3b449a9662ed4cc0d43) Importer(815301076,1909f56bfc062723c751e8b465ee728b)  -> (artifact id: 'b0e7548fcca26665de70424b9cd5445f') in 0.029900 seconds 
========================================================================
Received Import Request.
  Time since last request: 0.000022 seconds.
  path: Assets/ChristmasPropsPack/Models/Snowman_01_Large.fbx
  artifactKey: Guid(9adaa42df44e15943868a294e9527465) Importer(815301076,1909f56bfc062723c751e8b465ee728b)
Start importing Assets/ChristmasPropsPack/Models/Snowman_01_Large.fbx using Guid(9adaa42df44e15943868a294e9527465) Importer(815301076,1909f56bfc062723c751e8b465ee728b)  -> (artifact id: '983afd2c6674fd68a4531999d18a68ea') in 0.025249 seconds 
========================================================================
Received Import Request.
  Time since last request: 0.000027 seconds.
  path: Assets/ChristmasPropsPack/Models/SnowGlobe_01.fbx
  artifactKey: Guid(1b5d11ef8ed373047acbd718eea6334c) Importer(815301076,1909f56bfc062723c751e8b465ee728b)
Start importing Assets/ChristmasPropsPack/Models/SnowGlobe_01.fbx using Guid(1b5d11ef8ed373047acbd718eea6334c) Importer(815301076,1909f56bfc062723c751e8b465ee728b)  -> (artifact id: '70ad0fc114c2af885083d5c99081d077') in 0.042602 seconds 
========================================================================
Received Import Request.
  Time since last request: 0.000024 seconds.
  path: Assets/ChristmasPropsPack/Models/SantaSleigh_01.fbx
  artifactKey: Guid(b8df30eee350b6f46bcaefb9cf53744c) Importer(815301076,1909f56bfc062723c751e8b465ee728b)
Start importing Assets/ChristmasPropsPack/Models/SantaSleigh_01.fbx using Guid(b8df30eee350b6f46bcaefb9cf53744c) Importer(815301076,1909f56bfc062723c751e8b465ee728b)  -> (artifact id: 'bdf737d22fcb8d971b033db83cad50a0') in 0.038334 seconds 
========================================================================
Received Import Request.
  Time since last request: 0.000023 seconds.
  path: Assets/ChristmasPropsPack/Models/TeddyBear_01.fbx
  artifactKey: Guid(524bfaee35a70734a8e71b28a7a09ac5) Importer(815301076,1909f56bfc062723c751e8b465ee728b)
Start importing Assets/ChristmasPropsPack/Models/TeddyBear_01.fbx using Guid(524bfaee35a70734a8e71b28a7a09ac5) Importer(815301076,1909f56bfc062723c751e8b465ee728b)  -> (artifact id: '88184778d846f18eab7502e73b4ab8e8') in 0.059851 seconds 
========================================================================
Received Import Request.
  Time since last request: 0.000026 seconds.
  path: Assets/ChristmasPropsPack/Models/Sleigh_01.fbx
  artifactKey: Guid(0f536e4a22849b648a1d1ef81bdd66f9) Importer(815301076,1909f56bfc062723c751e8b465ee728b)
Start importing Assets/ChristmasPropsPack/Models/Sleigh_01.fbx using Guid(0f536e4a22849b648a1d1ef81bdd66f9) Importer(815301076,1909f56bfc062723c751e8b465ee728b)  -> (artifact id: 'fa54c8d8c441345211ad3120777bb04c') in 0.023727 seconds 
========================================================================
Received Import Request.
  Time since last request: 0.000032 seconds.
  path: Assets/ChristmasPropsPack/Models/PresentBox_SquareTall_02.fbx
  artifactKey: Guid(5aad7f4d74f695342a9b3e07586029bb) Importer(815301076,1909f56bfc062723c751e8b465ee728b)
Start importing Assets/ChristmasPropsPack/Models/PresentBox_SquareTall_02.fbx using Guid(5aad7f4d74f695342a9b3e07586029bb) Importer(815301076,1909f56bfc062723c751e8b465ee728b)  -> (artifact id: '1b0fb8d77b2f5550865df81af1bc883c') in 0.032098 seconds 
========================================================================
Received Import Request.
  Time since last request: 0.000029 seconds.
  path: Assets/ChristmasPropsPack/Models/SantaHat_01.fbx
  artifactKey: Guid(c0868fc5f86aa9f44bd07f5f53e13078) Importer(815301076,1909f56bfc062723c751e8b465ee728b)
Start importing Assets/ChristmasPropsPack/Models/SantaHat_01.fbx using Guid(c0868fc5f86aa9f44bd07f5f53e13078) Importer(815301076,1909f56bfc062723c751e8b465ee728b)  -> (artifact id: '4efe1a04a13945e2c733583afcdf840a') in 0.026137 seconds 
========================================================================
Received Import Request.
  Time since last request: 0.000028 seconds.
  path: Assets/ChristmasPropsPack/Models/Santa_01.fbx
  artifactKey: Guid(8a3051a67b27b9e4db119ba1b54133f9) Importer(815301076,1909f56bfc062723c751e8b465ee728b)
Start importing Assets/ChristmasPropsPack/Models/Santa_01.fbx using Guid(8a3051a67b27b9e4db119ba1b54133f9) Importer(815301076,1909f56bfc062723c751e8b465ee728b)  -> (artifact id: '3a903bcf671addba594a057132a849a1') in 0.055427 seconds 
========================================================================
Received Import Request.
  Time since last request: 20.471599 seconds.
  path: Assets/Models/ReskinModels/SkibidiSpeakermanCustomization/Anims
  artifactKey: Guid(1286a3c8381c47e4aa6cb18d0dc86102) Importer(815301076,1909f56bfc062723c751e8b465ee728b)
Start importing Assets/Models/ReskinModels/SkibidiSpeakermanCustomization/Anims using Guid(1286a3c8381c47e4aa6cb18d0dc86102) Importer(815301076,1909f56bfc062723c751e8b465ee728b)  -> (artifact id: 'e932a5fe9e7cbfe69889f410eae36604') in 0.008733 seconds 
========================================================================
Received Import Request.
  Time since last request: 2.577870 seconds.
  path: Assets/Models/ReskinModels/SkibidiSpeakermanCustomization/Prefabs
  artifactKey: Guid(b7aab18f67b78194e80ead1705b8790d) Importer(815301076,1909f56bfc062723c751e8b465ee728b)
Start importing Assets/Models/ReskinModels/SkibidiSpeakermanCustomization/Prefabs using Guid(b7aab18f67b78194e80ead1705b8790d) Importer(815301076,1909f56bfc062723c751e8b465ee728b)  -> (artifact id: 'b8caf002b5d659597547c9e435d3b44f') in 0.009392 seconds 
========================================================================
Received Import Request.
  Time since last request: 0.040737 seconds.
  path: Assets/Models/ReskinModels/SkibidiSpeakermanCustomization/Prefabs/CameramanTitan.prefab
  artifactKey: Guid(8ecee318210e84249aacae3afa5d5820) Importer(815301076,1909f56bfc062723c751e8b465ee728b)
Start importing Assets/Models/ReskinModels/SkibidiSpeakermanCustomization/Prefabs/CameramanTitan.prefab using Guid(8ecee318210e84249aacae3afa5d5820) Importer(815301076,1909f56bfc062723c751e8b465ee728b)  -> (artifact id: '5b01b44999e6914eedbdc9ca137aea68') in 0.128251 seconds 
========================================================================
Received Import Request.
  Time since last request: 0.000039 seconds.
  path: Assets/Models/ReskinModels/SkibidiSpeakermanCustomization/Prefabs/tvMan.prefab
  artifactKey: Guid(8a9352887bc3a2940be0c4a913a9dcad) Importer(815301076,1909f56bfc062723c751e8b465ee728b)
Start importing Assets/Models/ReskinModels/SkibidiSpeakermanCustomization/Prefabs/tvMan.prefab using Guid(8a9352887bc3a2940be0c4a913a9dcad) Importer(815301076,1909f56bfc062723c751e8b465ee728b)  -> (artifact id: '5db18a22bcf9414213418cd818a66123') in 0.068059 seconds 
========================================================================
Received Import Request.
  Time since last request: 48.493706 seconds.
  path: Assets/Models/ReskinModels/SkibidiSpeakermanCustomization/Meshes/CameramanTitan.fbx
  artifactKey: Guid(0645aba0b0c81f04ab232caf7e47e3ad) Importer(815301076,1909f56bfc062723c751e8b465ee728b)
Start importing Assets/Models/ReskinModels/SkibidiSpeakermanCustomization/Meshes/CameramanTitan.fbx using Guid(0645aba0b0c81f04ab232caf7e47e3ad) Importer(815301076,1909f56bfc062723c751e8b465ee728b)  -> (artifact id: 'edcc3e975528eae6ed845e86dd90e765') in 0.077147 seconds 
========================================================================
Received Import Request.
  Time since last request: 0.000021 seconds.
  path: Assets/Models/ReskinModels/SkibidiSpeakermanCustomization/Meshes/tvMan.fbx
  artifactKey: Guid(59afbfb1cebcde944af5b7f17ec9a34d) Importer(815301076,1909f56bfc062723c751e8b465ee728b)
Start importing Assets/Models/ReskinModels/SkibidiSpeakermanCustomization/Meshes/tvMan.fbx using Guid(59afbfb1cebcde944af5b7f17ec9a34d) Importer(815301076,1909f56bfc062723c751e8b465ee728b)  -> (artifact id: '39ee3679448a1f6b7a0d5084e134e9fd') in 0.134058 seconds 
========================================================================
Received Import Request.
  Time since last request: 51.104341 seconds.
  path: Assets/Models/ReskinModels/SkibidiSpeakermanCustomization/Meshes
  artifactKey: Guid(35bbbd560f0aaca409d50b563a9e81d0) Importer(815301076,1909f56bfc062723c751e8b465ee728b)
Start importing Assets/Models/ReskinModels/SkibidiSpeakermanCustomization/Meshes using Guid(35bbbd560f0aaca409d50b563a9e81d0) Importer(815301076,1909f56bfc062723c751e8b465ee728b)  -> (artifact id: '18cd78c77cbbb68b8ef85af30fc6f4c7') in 0.007437 seconds 
========================================================================
Received Import Request.
  Time since last request: 75.549635 seconds.
  path: Assets/Models/ReskinModels/SkibidiSpeakermanCustomization/Meshes/CameramanTitan.fbx
  artifactKey: Guid(0645aba0b0c81f04ab232caf7e47e3ad) Importer(815301076,1909f56bfc062723c751e8b465ee728b)
Start importing Assets/Models/ReskinModels/SkibidiSpeakermanCustomization/Meshes/CameramanTitan.fbx using Guid(0645aba0b0c81f04ab232caf7e47e3ad) Importer(815301076,1909f56bfc062723c751e8b465ee728b)  -> (artifact id: 'dc562c8d9f195803f35d7a57d2dcecf2') in 0.057902 seconds 
========================================================================
Received Import Request.
  Time since last request: 25.870534 seconds.
  path: Assets/Models/Enemy
  artifactKey: Guid(bc145703b307ea444a1b002c329347cf) Importer(815301076,1909f56bfc062723c751e8b465ee728b)
Start importing Assets/Models/Enemy using Guid(bc145703b307ea444a1b002c329347cf) Importer(815301076,1909f56bfc062723c751e8b465ee728b)  -> (artifact id: '7cdf4cd4329845407d7466810a164947') in 0.008464 seconds 
========================================================================
Received Import Request.
  Time since last request: 44.961616 seconds.
  path: Assets/Models/ReskinModels/SkibidiSpeakermanCustomization/Materials/Camera1.png
  artifactKey: Guid(fc82b2681d070a74f8b7efd8537c54a2) Importer(815301076,1909f56bfc062723c751e8b465ee728b)
Start importing Assets/Models/ReskinModels/SkibidiSpeakermanCustomization/Materials/Camera1.png using Guid(fc82b2681d070a74f8b7efd8537c54a2) Importer(815301076,1909f56bfc062723c751e8b465ee728b)  -> (artifact id: 'ba8c72a671f8587124f3cee0c0ae127a') in 0.185510 seconds 
========================================================================
Received Import Request.
  Time since last request: 0.000022 seconds.
  path: Assets/Models/ReskinModels/SkibidiSpeakermanCustomization/Materials/uv_Color.jpg
  artifactKey: Guid(ac15c00c293705c44bc1b3d601b83e75) Importer(815301076,1909f56bfc062723c751e8b465ee728b)
Start importing Assets/Models/ReskinModels/SkibidiSpeakermanCustomization/Materials/uv_Color.jpg using Guid(ac15c00c293705c44bc1b3d601b83e75) Importer(815301076,1909f56bfc062723c751e8b465ee728b)  -> (artifact id: 'b02e5bb70896a225ed4f0dee572ccb03') in 0.051042 seconds 
========================================================================
Received Import Request.
  Time since last request: 0.000032 seconds.
  path: Assets/Models/ReskinModels/SkibidiSpeakermanCustomization/Materials/SpeakermanShoes.png
  artifactKey: Guid(408ab6bba3951f143a04abb1f89ae4fc) Importer(815301076,1909f56bfc062723c751e8b465ee728b)
Start importing Assets/Models/ReskinModels/SkibidiSpeakermanCustomization/Materials/SpeakermanShoes.png using Guid(408ab6bba3951f143a04abb1f89ae4fc) Importer(815301076,1909f56bfc062723c751e8b465ee728b)  -> (artifact id: '6d50e46a6fb5a3f11bc3ea02b97494af') in 0.040971 seconds 
========================================================================
Received Import Request.
  Time since last request: 0.000022 seconds.
  path: Assets/Models/ReskinModels/SkibidiSpeakermanCustomization/Materials/TvEmoji2.png
  artifactKey: Guid(b1f7cb71f670d39408b11a1f9e471feb) Importer(815301076,1909f56bfc062723c751e8b465ee728b)
Start importing Assets/Models/ReskinModels/SkibidiSpeakermanCustomization/Materials/TvEmoji2.png using Guid(b1f7cb71f670d39408b11a1f9e471feb) Importer(815301076,1909f56bfc062723c751e8b465ee728b)  -> (artifact id: '71b046180946095f00f59e760f650189') in 0.016891 seconds 
========================================================================
Received Import Request.
  Time since last request: 0.168629 seconds.
  path: Assets/Models/ReskinModels/SkibidiSpeakermanCustomization/Prefabs/CameramanTitan.prefab
  artifactKey: Guid(8ecee318210e84249aacae3afa5d5820) Importer(815301076,1909f56bfc062723c751e8b465ee728b)
Start importing Assets/Models/ReskinModels/SkibidiSpeakermanCustomization/Prefabs/CameramanTitan.prefab using Guid(8ecee318210e84249aacae3afa5d5820) Importer(815301076,1909f56bfc062723c751e8b465ee728b)  -> (artifact id: '04b96d402ecc7e1d2b3326095b2fcb53') in 0.075049 seconds 
